  [1m[35m (2.9ms)[0m  [1m[35mCREATE TABLE "schema_migrations" ("version" varchar NOT NULL PRIMARY KEY)[0m
  [1m[35m (1.9ms)[0m  [1m[35mCREATE TABLE "ar_internal_metadata" ("key" varchar NOT NULL PRIMARY KEY, "value" varchar, "created_at" datetime NOT NULL, "updated_at" datetime NOT NULL)[0m
  [1m[36mActiveRecord::SchemaMigration Load (0.2ms)[0m  [1m[34mSELECT "schema_migrations".* FROM "schema_migrations"[0m
Migrating to DeviseCreateUsers (20191110004820)
  [1m[35m (0.1ms)[0m  [1m[36mbegin transaction[0m
  [1m[35m (0.5ms)[0m  [1m[35mCREATE TABLE "users" ("id" INTEGER PRIMARY KEY AUTOINCREMENT NOT NULL, "email" varchar DEFAULT '' NOT NULL, "encrypted_password" varchar DEFAULT '' NOT NULL, "reset_password_token" varchar, "reset_password_sent_at" datetime, "remember_created_at" datetime, "created_at" datetime NOT NULL, "updated_at" datetime NOT NULL)[0m
  [1m[35m (0.1ms)[0m  [1m[34mselect sqlite_version(*)[0m
  [1m[35m (0.1ms)[0m  [1m[35mCREATE UNIQUE INDEX "index_users_on_email" ON "users" ("email")[0m
  [1m[35m (0.1ms)[0m  [1m[34m            SELECT sql
            FROM sqlite_master
            WHERE name='index_users_on_email' AND type='index'
            UNION ALL
            SELECT sql
            FROM sqlite_temp_master
            WHERE name='index_users_on_email' AND type='index'
[0m
  [1m[35m (0.2ms)[0m  [1m[35mCREATE UNIQUE INDEX "index_users_on_reset_password_token" ON "users" ("reset_password_token")[0m
  [1m[35mSQL (0.4ms)[0m  [1m[32mINSERT INTO "schema_migrations" ("version") VALUES (?)[0m  [["version", "20191110004820"]]
  [1m[35m (1.9ms)[0m  [1m[36mcommit transaction[0m
  [1m[36mActiveRecord::InternalMetadata Load (0.3ms)[0m  [1m[34mSELECT  "ar_internal_metadata".* FROM "ar_internal_metadata" WHERE "ar_internal_metadata"."key" = ? LIMIT ?[0m  [["key", :environment], ["LIMIT", 1]]
  [1m[35m (0.1ms)[0m  [1m[36mbegin transaction[0m
  [1m[35mSQL (0.5ms)[0m  [1m[32mINSERT INTO "ar_internal_metadata" ("key", "value", "created_at", "updated_at") VALUES (?, ?, ?, ?)[0m  [["key", "environment"], ["value", "development"], ["created_at", 2019-11-10 00:48:26 UTC], ["updated_at", 2019-11-10 00:48:26 UTC]]
  [1m[35m (4.6ms)[0m  [1m[36mcommit transaction[0m
  [1m[36mActiveRecord::SchemaMigration Load (0.1ms)[0m  [1m[34mSELECT "schema_migrations".* FROM "schema_migrations"[0m
  [1m[35m (0.3ms)[0m  [1m[34m            SELECT sql
            FROM sqlite_master
            WHERE name='index_users_on_reset_password_token' AND type='index'
            UNION ALL
            SELECT sql
            FROM sqlite_temp_master
            WHERE name='index_users_on_reset_password_token' AND type='index'
[0m
  [1m[35m (0.5ms)[0m  [1m[34m            SELECT sql
            FROM sqlite_master
            WHERE name='index_users_on_email' AND type='index'
            UNION ALL
            SELECT sql
            FROM sqlite_temp_master
            WHERE name='index_users_on_email' AND type='index'
[0m
  [1m[36mActiveRecord::SchemaMigration Load (0.4ms)[0m  [1m[34mSELECT "schema_migrations".* FROM "schema_migrations"[0m
Migrating to CreateProducts (20191110005241)
  [1m[35m (0.1ms)[0m  [1m[36mbegin transaction[0m
  [1m[35m (0.5ms)[0m  [1m[35mCREATE TABLE "products" ("id" INTEGER PRIMARY KEY AUTOINCREMENT NOT NULL, "title" varchar, "description" text, "quantity" integer, "price" integer, "created_at" datetime NOT NULL, "updated_at" datetime NOT NULL)[0m
  [1m[35mSQL (0.2ms)[0m  [1m[32mINSERT INTO "schema_migrations" ("version") VALUES (?)[0m  [["version", "20191110005241"]]
  [1m[35m (1.8ms)[0m  [1m[36mcommit transaction[0m
  [1m[36mActiveRecord::InternalMetadata Load (0.2ms)[0m  [1m[34mSELECT  "ar_internal_metadata".* FROM "ar_internal_metadata" WHERE "ar_internal_metadata"."key" = ? LIMIT ?[0m  [["key", :environment], ["LIMIT", 1]]
  [1m[35m (0.1ms)[0m  [1m[36mbegin transaction[0m
  [1m[35m (0.1ms)[0m  [1m[36mcommit transaction[0m
  [1m[36mActiveRecord::SchemaMigration Load (0.4ms)[0m  [1m[34mSELECT "schema_migrations".* FROM "schema_migrations"[0m
  [1m[35m (0.1ms)[0m  [1m[34m            SELECT sql
            FROM sqlite_master
            WHERE name='index_users_on_reset_password_token' AND type='index'
            UNION ALL
            SELECT sql
            FROM sqlite_temp_master
            WHERE name='index_users_on_reset_password_token' AND type='index'
[0m
  [1m[35m (0.1ms)[0m  [1m[34m            SELECT sql
            FROM sqlite_master
            WHERE name='index_users_on_email' AND type='index'
            UNION ALL
            SELECT sql
            FROM sqlite_temp_master
            WHERE name='index_users_on_email' AND type='index'
[0m
  [1m[36mActiveRecord::SchemaMigration Load (0.2ms)[0m  [1m[34mSELECT "schema_migrations".* FROM "schema_migrations"[0m
Migrating to AddIsAdminToUser (20191110005807)
  [1m[35m (0.1ms)[0m  [1m[36mbegin transaction[0m
  [1m[35m (0.8ms)[0m  [1m[35mALTER TABLE "users" ADD "is_admin" boolean DEFAULT 'f'[0m
  [1m[35mSQL (0.3ms)[0m  [1m[32mINSERT INTO "schema_migrations" ("version") VALUES (?)[0m  [["version", "20191110005807"]]
  [1m[35m (1.7ms)[0m  [1m[36mcommit transaction[0m
  [1m[36mActiveRecord::InternalMetadata Load (0.5ms)[0m  [1m[34mSELECT  "ar_internal_metadata".* FROM "ar_internal_metadata" WHERE "ar_internal_metadata"."key" = ? LIMIT ?[0m  [["key", :environment], ["LIMIT", 1]]
  [1m[35m (0.1ms)[0m  [1m[36mbegin transaction[0m
  [1m[35m (0.0ms)[0m  [1m[36mcommit transaction[0m
  [1m[36mActiveRecord::SchemaMigration Load (0.5ms)[0m  [1m[34mSELECT "schema_migrations".* FROM "schema_migrations"[0m
  [1m[35m (0.1ms)[0m  [1m[34m            SELECT sql
            FROM sqlite_master
            WHERE name='index_users_on_reset_password_token' AND type='index'
            UNION ALL
            SELECT sql
            FROM sqlite_temp_master
            WHERE name='index_users_on_reset_password_token' AND type='index'
[0m
  [1m[35m (0.1ms)[0m  [1m[34m            SELECT sql
            FROM sqlite_master
            WHERE name='index_users_on_email' AND type='index'
            UNION ALL
            SELECT sql
            FROM sqlite_temp_master
            WHERE name='index_users_on_email' AND type='index'
[0m
  [1m[36mActiveRecord::SchemaMigration Load (0.2ms)[0m  [1m[34mSELECT "schema_migrations".* FROM "schema_migrations"[0m
  [1m[35m (0.1ms)[0m  [1m[36mbegin transaction[0m
  [1m[36mUser Exists (0.2ms)[0m  [1m[34mSELECT  1 AS one FROM "users" WHERE "users"."email" = ? LIMIT ?[0m  [["email", "shibin@163.com"], ["LIMIT", 1]]
  [1m[35mSQL (0.6ms)[0m  [1m[32mINSERT INTO "users" ("email", "encrypted_password", "created_at", "updated_at", "is_admin") VALUES (?, ?, ?, ?, ?)[0m  [["email", "shibin@163.com"], ["encrypted_password", "$2a$11$CY9VmeptkgXQKhWaqnu5HO1vnz0J94cwqRPF2zC3fiyJzbaT7lqLq"], ["created_at", 2019-11-10 01:00:30 UTC], ["updated_at", 2019-11-10 01:00:30 UTC], ["is_admin", true]]
  [1m[35m (1.8ms)[0m  [1m[36mcommit transaction[0m
  [1m[35m (0.1ms)[0m  [1m[36mbegin transaction[0m
  [1m[36mUser Exists (0.2ms)[0m  [1m[34mSELECT  1 AS one FROM "users" WHERE "users"."email" = ? LIMIT ?[0m  [["email", "zhima@163.com"], ["LIMIT", 1]]
  [1m[35mSQL (0.6ms)[0m  [1m[32mINSERT INTO "users" ("email", "encrypted_password", "created_at", "updated_at", "is_admin") VALUES (?, ?, ?, ?, ?)[0m  [["email", "zhima@163.com"], ["encrypted_password", "$2a$11$mTAUQPAQwBsf7R8JXiaLN.Y5fs2grXYQy2lC/5pseD1re8aUh8Eiu"], ["created_at", 2019-11-10 01:00:30 UTC], ["updated_at", 2019-11-10 01:00:30 UTC], ["is_admin", true]]
  [1m[35m (2.0ms)[0m  [1m[36mcommit transaction[0m
  [1m[36mActiveRecord::SchemaMigration Load (0.2ms)[0m  [1m[34mSELECT "schema_migrations".* FROM "schema_migrations"[0m
  [1m[35m (0.1ms)[0m  [1m[36mbegin transaction[0m
  [1m[36mUser Exists (0.2ms)[0m  [1m[34mSELECT  1 AS one FROM "users" WHERE "users"."email" = ? LIMIT ?[0m  [["email", "shibin@163.com"], ["LIMIT", 1]]
  [1m[35m (0.1ms)[0m  [1m[31mrollback transaction[0m
  [1m[35m (0.1ms)[0m  [1m[36mbegin transaction[0m
  [1m[36mUser Exists (0.3ms)[0m  [1m[34mSELECT  1 AS one FROM "users" WHERE "users"."email" = ? LIMIT ?[0m  [["email", "zhima@163.com"], ["LIMIT", 1]]
  [1m[35m (0.1ms)[0m  [1m[31mrollback transaction[0m
  [1m[36mActiveRecord::SchemaMigration Load (0.3ms)[0m  [1m[34mSELECT "schema_migrations".* FROM "schema_migrations"[0m
  [1m[35m (0.1ms)[0m  [1m[34mSELECT "ar_internal_metadata"."value" FROM "ar_internal_metadata" WHERE "ar_internal_metadata"."key" = ?[0m  [["key", :environment]]
  [1m[36mActiveRecord::SchemaMigration Load (0.1ms)[0m  [1m[34mSELECT "schema_migrations".* FROM "schema_migrations"[0m
  [1m[35m (0.1ms)[0m  [1m[34mSELECT "ar_internal_metadata"."value" FROM "ar_internal_metadata" WHERE "ar_internal_metadata"."key" = ?[0m  [["key", :environment]]
  [1m[36mActiveRecord::SchemaMigration Load (0.1ms)[0m  [1m[34mSELECT "schema_migrations".* FROM "schema_migrations"[0m
  [1m[35m (0.1ms)[0m  [1m[34mSELECT "ar_internal_metadata"."value" FROM "ar_internal_metadata" WHERE "ar_internal_metadata"."key" = ?[0m  [["key", :environment]]
DEPRECATION WARNING: Passing #original_exception is deprecated and has no effect. Exceptions will automatically capture the original exception. (called from load at /Users/bigbook/.rvm/gems/ruby-2.3.1/bin/rake:23)
  [1m[35m (2.4ms)[0m  [1m[35mCREATE TABLE "products" ("id" INTEGER PRIMARY KEY AUTOINCREMENT NOT NULL, "title" varchar, "description" text, "quantity" integer, "price" integer, "created_at" datetime NOT NULL, "updated_at" datetime NOT NULL)[0m
  [1m[35m (11.0ms)[0m  [1m[35mCREATE TABLE "users" ("id" INTEGER PRIMARY KEY AUTOINCREMENT NOT NULL, "email" varchar DEFAULT '' NOT NULL, "encrypted_password" varchar DEFAULT '' NOT NULL, "reset_password_token" varchar, "reset_password_sent_at" datetime, "remember_created_at" datetime, "created_at" datetime NOT NULL, "updated_at" datetime NOT NULL, "is_admin" boolean DEFAULT 'f')[0m
  [1m[35m (0.1ms)[0m  [1m[34mselect sqlite_version(*)[0m
  [1m[35m (2.1ms)[0m  [1m[35mCREATE UNIQUE INDEX "index_users_on_email" ON "users" ("email")[0m
  [1m[35m (0.2ms)[0m  [1m[34m            SELECT sql
            FROM sqlite_master
            WHERE name='index_users_on_email' AND type='index'
            UNION ALL
            SELECT sql
            FROM sqlite_temp_master
            WHERE name='index_users_on_email' AND type='index'
[0m
  [1m[35m (3.7ms)[0m  [1m[35mCREATE UNIQUE INDEX "index_users_on_reset_password_token" ON "users" ("reset_password_token")[0m
  [1m[35m (2.5ms)[0m  [1m[35mCREATE TABLE "schema_migrations" ("version" varchar NOT NULL PRIMARY KEY)[0m
  [1m[35m (0.2ms)[0m  [1m[34mSELECT version FROM "schema_migrations"[0m
  [1m[35m (2.0ms)[0m  [1m[32mINSERT INTO "schema_migrations" (version) VALUES ('20191110005807')[0m
  [1m[35m (3.4ms)[0m  [1m[32mINSERT INTO schema_migrations (version) VALUES ('20191110004820'), ('20191110005241');

[0m
  [1m[35m (2.8ms)[0m  [1m[35mCREATE TABLE "ar_internal_metadata" ("key" varchar NOT NULL PRIMARY KEY, "value" varchar, "created_at" datetime NOT NULL, "updated_at" datetime NOT NULL)[0m
  [1m[36mActiveRecord::InternalMetadata Load (0.2ms)[0m  [1m[34mSELECT  "ar_internal_metadata".* FROM "ar_internal_metadata" WHERE "ar_internal_metadata"."key" = ? LIMIT ?[0m  [["key", :environment], ["LIMIT", 1]]
  [1m[35m (0.2ms)[0m  [1m[36mbegin transaction[0m
  [1m[35mSQL (1.0ms)[0m  [1m[32mINSERT INTO "ar_internal_metadata" ("key", "value", "created_at", "updated_at") VALUES (?, ?, ?, ?)[0m  [["key", "environment"], ["value", "development"], ["created_at", 2019-11-10 01:00:52 UTC], ["updated_at", 2019-11-10 01:00:52 UTC]]
  [1m[35m (1.8ms)[0m  [1m[36mcommit transaction[0m
  [1m[36mActiveRecord::InternalMetadata Load (0.3ms)[0m  [1m[34mSELECT  "ar_internal_metadata".* FROM "ar_internal_metadata" WHERE "ar_internal_metadata"."key" = ? LIMIT ?[0m  [["key", :environment], ["LIMIT", 1]]
  [1m[35m (0.1ms)[0m  [1m[36mbegin transaction[0m
  [1m[35m (0.1ms)[0m  [1m[36mcommit transaction[0m
  [1m[35m (10.5ms)[0m  [1m[35mCREATE TABLE "products" ("id" INTEGER PRIMARY KEY AUTOINCREMENT NOT NULL, "title" varchar, "description" text, "quantity" integer, "price" integer, "created_at" datetime NOT NULL, "updated_at" datetime NOT NULL)[0m
  [1m[35m (2.4ms)[0m  [1m[35mCREATE TABLE "users" ("id" INTEGER PRIMARY KEY AUTOINCREMENT NOT NULL, "email" varchar DEFAULT '' NOT NULL, "encrypted_password" varchar DEFAULT '' NOT NULL, "reset_password_token" varchar, "reset_password_sent_at" datetime, "remember_created_at" datetime, "created_at" datetime NOT NULL, "updated_at" datetime NOT NULL, "is_admin" boolean DEFAULT 'f')[0m
  [1m[35m (0.1ms)[0m  [1m[34mselect sqlite_version(*)[0m
  [1m[35m (3.1ms)[0m  [1m[35mCREATE UNIQUE INDEX "index_users_on_email" ON "users" ("email")[0m
  [1m[35m (0.2ms)[0m  [1m[34m            SELECT sql
            FROM sqlite_master
            WHERE name='index_users_on_email' AND type='index'
            UNION ALL
            SELECT sql
            FROM sqlite_temp_master
            WHERE name='index_users_on_email' AND type='index'
[0m
  [1m[35m (7.9ms)[0m  [1m[35mCREATE UNIQUE INDEX "index_users_on_reset_password_token" ON "users" ("reset_password_token")[0m
  [1m[35m (5.7ms)[0m  [1m[35mCREATE TABLE "schema_migrations" ("version" varchar NOT NULL PRIMARY KEY)[0m
  [1m[35m (0.6ms)[0m  [1m[34mSELECT version FROM "schema_migrations"[0m
  [1m[35m (2.6ms)[0m  [1m[32mINSERT INTO "schema_migrations" (version) VALUES ('20191110005807')[0m
  [1m[35m (2.2ms)[0m  [1m[32mINSERT INTO schema_migrations (version) VALUES ('20191110004820'), ('20191110005241');

[0m
  [1m[35m (4.1ms)[0m  [1m[35mCREATE TABLE "ar_internal_metadata" ("key" varchar NOT NULL PRIMARY KEY, "value" varchar, "created_at" datetime NOT NULL, "updated_at" datetime NOT NULL)[0m
  [1m[36mActiveRecord::InternalMetadata Load (0.2ms)[0m  [1m[34mSELECT  "ar_internal_metadata".* FROM "ar_internal_metadata" WHERE "ar_internal_metadata"."key" = ? LIMIT ?[0m  [["key", :environment], ["LIMIT", 1]]
  [1m[35m (0.2ms)[0m  [1m[36mbegin transaction[0m
  [1m[35mSQL (0.6ms)[0m  [1m[32mINSERT INTO "ar_internal_metadata" ("key", "value", "created_at", "updated_at") VALUES (?, ?, ?, ?)[0m  [["key", "environment"], ["value", "development"], ["created_at", 2019-11-10 01:00:52 UTC], ["updated_at", 2019-11-10 01:00:52 UTC]]
  [1m[35m (4.7ms)[0m  [1m[36mcommit transaction[0m
  [1m[36mActiveRecord::InternalMetadata Load (0.4ms)[0m  [1m[34mSELECT  "ar_internal_metadata".* FROM "ar_internal_metadata" WHERE "ar_internal_metadata"."key" = ? LIMIT ?[0m  [["key", :environment], ["LIMIT", 1]]
  [1m[35m (0.2ms)[0m  [1m[36mbegin transaction[0m
  [1m[35m (0.1ms)[0m  [1m[36mcommit transaction[0m
  [1m[36mActiveRecord::SchemaMigration Load (0.1ms)[0m  [1m[34mSELECT "schema_migrations".* FROM "schema_migrations"[0m
  [1m[35m (0.1ms)[0m  [1m[36mbegin transaction[0m
  [1m[36mUser Exists (0.2ms)[0m  [1m[34mSELECT  1 AS one FROM "users" WHERE "users"."email" = ? LIMIT ?[0m  [["email", "shibin@163.com"], ["LIMIT", 1]]
  [1m[35mSQL (0.5ms)[0m  [1m[32mINSERT INTO "users" ("email", "encrypted_password", "created_at", "updated_at", "is_admin") VALUES (?, ?, ?, ?, ?)[0m  [["email", "shibin@163.com"], ["encrypted_password", "$2a$11$qDWrdMJohBJ9e2Z3sPwlCu.SoNpT6KFM6zutaeJpTzROtO9KAoeHC"], ["created_at", 2019-11-10 01:00:52 UTC], ["updated_at", 2019-11-10 01:00:52 UTC], ["is_admin", true]]
  [1m[35m (1.8ms)[0m  [1m[36mcommit transaction[0m
  [1m[35m (0.1ms)[0m  [1m[36mbegin transaction[0m
  [1m[36mUser Exists (0.2ms)[0m  [1m[34mSELECT  1 AS one FROM "users" WHERE "users"."email" = ? LIMIT ?[0m  [["email", "zhima@163.com"], ["LIMIT", 1]]
  [1m[35mSQL (0.8ms)[0m  [1m[32mINSERT INTO "users" ("email", "encrypted_password", "created_at", "updated_at", "is_admin") VALUES (?, ?, ?, ?, ?)[0m  [["email", "zhima@163.com"], ["encrypted_password", "$2a$11$81AY3IUTT.sEdN/dyFF5JO.L0Cb9pT.GKPUGZlw5GcG4Mf4MnssGO"], ["created_at", 2019-11-10 01:00:52 UTC], ["updated_at", 2019-11-10 01:00:52 UTC], ["is_admin", true]]
  [1m[35m (1.6ms)[0m  [1m[36mcommit transaction[0m
  [1m[36mActiveRecord::SchemaMigration Load (0.2ms)[0m  [1m[34mSELECT "schema_migrations".* FROM "schema_migrations"[0m
Migrating to AddImageToProduct (20191110010242)
  [1m[35m (0.1ms)[0m  [1m[36mbegin transaction[0m
  [1m[35m (0.8ms)[0m  [1m[35mALTER TABLE "products" ADD "image" varchar[0m
  [1m[35mSQL (0.3ms)[0m  [1m[32mINSERT INTO "schema_migrations" ("version") VALUES (?)[0m  [["version", "20191110010242"]]
  [1m[35m (5.7ms)[0m  [1m[36mcommit transaction[0m
  [1m[36mActiveRecord::InternalMetadata Load (0.5ms)[0m  [1m[34mSELECT  "ar_internal_metadata".* FROM "ar_internal_metadata" WHERE "ar_internal_metadata"."key" = ? LIMIT ?[0m  [["key", :environment], ["LIMIT", 1]]
  [1m[35m (0.2ms)[0m  [1m[36mbegin transaction[0m
  [1m[35m (0.0ms)[0m  [1m[36mcommit transaction[0m
  [1m[36mActiveRecord::SchemaMigration Load (0.1ms)[0m  [1m[34mSELECT "schema_migrations".* FROM "schema_migrations"[0m
  [1m[35m (0.1ms)[0m  [1m[34m            SELECT sql
            FROM sqlite_master
            WHERE name='index_users_on_reset_password_token' AND type='index'
            UNION ALL
            SELECT sql
            FROM sqlite_temp_master
            WHERE name='index_users_on_reset_password_token' AND type='index'
[0m
  [1m[35m (0.2ms)[0m  [1m[34m            SELECT sql
            FROM sqlite_master
            WHERE name='index_users_on_email' AND type='index'
            UNION ALL
            SELECT sql
            FROM sqlite_temp_master
            WHERE name='index_users_on_email' AND type='index'
[0m
Started GET "/" for ::1 at 2019-11-10 09:14:52 +0800
  [1m[36mActiveRecord::SchemaMigration Load (0.2ms)[0m  [1m[34mSELECT "schema_migrations".* FROM "schema_migrations"[0m
Processing by ProductsController#index as HTML
  Rendering products/index.html.erb within layouts/application
  [1m[36mProduct Load (0.9ms)[0m  [1m[34mSELECT "products".* FROM "products"[0m
  Rendered products/index.html.erb within layouts/application (19.8ms)
  Rendered common/_navbar.html.erb (7.4ms)
  Rendered common/_flashes.html.erb (0.8ms)
  Rendered common/_footer.html.erb (0.4ms)
Completed 200 OK in 5782ms (Views: 5730.1ms | ActiveRecord: 2.6ms)


Started GET "/users/sign_in" for ::1 at 2019-11-10 09:15:04 +0800
Processing by Devise::SessionsController#new as HTML
  Rendering /Users/bigbook/.rvm/gems/ruby-2.3.1/gems/devise-4.7.1/app/views/devise/sessions/new.html.erb within layouts/application
  Rendered /Users/bigbook/.rvm/gems/ruby-2.3.1/gems/devise-4.7.1/app/views/devise/shared/_links.html.erb (1.6ms)
  Rendered /Users/bigbook/.rvm/gems/ruby-2.3.1/gems/devise-4.7.1/app/views/devise/sessions/new.html.erb within layouts/application (49.3ms)
  Rendered common/_navbar.html.erb (1.1ms)
  Rendered common/_flashes.html.erb (0.5ms)
  Rendered common/_footer.html.erb (0.4ms)
Completed 200 OK in 129ms (Views: 114.2ms | ActiveRecord: 0.9ms)


Started POST "/users/sign_in" for ::1 at 2019-11-10 09:15:32 +0800
Processing by Devise::SessionsController#create as HTML
  Parameters: {"utf8"=>"✓", "authenticity_token"=>"6bCy1SF8LFOxDKzE65FtDIH+NlXooiVm3eK+rPNCUxKW6yn+c+h4/vrzxnnXfDrVodPxB+68dkBPTmYSQjJpwg==", "user"=>{"email"=>"shibin@163.com", "password"=>"[FILTERED]", "remember_me"=>"0"}, "commit"=>"Log in"}
  [1m[36mUser Load (0.2ms)[0m  [1m[34mSELECT  "users".* FROM "users" WHERE "users"."email" = ? ORDER BY "users"."id" ASC LIMIT ?[0m  [["email", "shibin@163.com"], ["LIMIT", 1]]
Redirected to http://localhost:3000/
Completed 302 Found in 196ms (ActiveRecord: 0.2ms)


Started GET "/" for ::1 at 2019-11-10 09:15:32 +0800
Processing by ProductsController#index as HTML
  Rendering products/index.html.erb within layouts/application
  [1m[36mProduct Load (0.2ms)[0m  [1m[34mSELECT "products".* FROM "products"[0m
  Rendered products/index.html.erb within layouts/application (2.1ms)
  [1m[36mUser Load (0.2ms)[0m  [1m[34mSELECT  "users".* FROM "users" WHERE "users"."id" = ? ORDER BY "users"."id" ASC LIMIT ?[0m  [["id", 1], ["LIMIT", 1]]
  Rendered common/_navbar.html.erb (2.1ms)
  Rendered common/_flashes.html.erb (0.7ms)
  Rendered common/_footer.html.erb (0.4ms)
Completed 200 OK in 66ms (Views: 63.7ms | ActiveRecord: 0.3ms)


Started GET "/admin/products/new" for ::1 at 2019-11-10 09:15:39 +0800
Processing by Admin::ProductsController#new as HTML
  [1m[36mUser Load (0.2ms)[0m  [1m[34mSELECT  "users".* FROM "users" WHERE "users"."id" = ? ORDER BY "users"."id" ASC LIMIT ?[0m  [["id", 1], ["LIMIT", 1]]
  Rendering admin/products/new.html.erb within layouts/admin
  Rendered admin/products/new.html.erb within layouts/admin (145.8ms)
  Rendered common/_navbar.html.erb (0.9ms)
Completed 200 OK in 202ms (Views: 193.7ms | ActiveRecord: 0.4ms)


Started GET "/admin/products/new" for ::1 at 2019-11-10 09:15:40 +0800
Processing by Admin::ProductsController#new as HTML
  [1m[36mUser Load (0.2ms)[0m  [1m[34mSELECT  "users".* FROM "users" WHERE "users"."id" = ? ORDER BY "users"."id" ASC LIMIT ?[0m  [["id", 1], ["LIMIT", 1]]
  Rendering admin/products/new.html.erb within layouts/admin
  Rendered admin/products/new.html.erb within layouts/admin (19.9ms)
  Rendered common/_navbar.html.erb (1.0ms)
Completed 200 OK in 85ms (Views: 79.1ms | ActiveRecord: 0.2ms)


  [1m[36mActiveRecord::SchemaMigration Load (0.6ms)[0m  [1m[34mSELECT "schema_migrations".* FROM "schema_migrations"[0m
Migrating to CreateCarts (20191110012054)
  [1m[35m (0.1ms)[0m  [1m[36mbegin transaction[0m
  [1m[35m (0.7ms)[0m  [1m[35mCREATE TABLE "carts" ("id" INTEGER PRIMARY KEY AUTOINCREMENT NOT NULL, "created_at" datetime NOT NULL, "updated_at" datetime NOT NULL)[0m
  [1m[35mSQL (0.3ms)[0m  [1m[32mINSERT INTO "schema_migrations" ("version") VALUES (?)[0m  [["version", "20191110012054"]]
  [1m[35m (3.5ms)[0m  [1m[36mcommit transaction[0m
Migrating to CreateCartItems (20191110012059)
  [1m[35m (0.2ms)[0m  [1m[36mbegin transaction[0m
  [1m[35m (0.7ms)[0m  [1m[35mCREATE TABLE "cart_items" ("id" INTEGER PRIMARY KEY AUTOINCREMENT NOT NULL, "cart_id" integer, "product_id" integer, "quantity" integer DEFAULT 1, "created_at" datetime NOT NULL, "updated_at" datetime NOT NULL)[0m
  [1m[35mSQL (0.2ms)[0m  [1m[32mINSERT INTO "schema_migrations" ("version") VALUES (?)[0m  [["version", "20191110012059"]]
  [1m[35m (2.8ms)[0m  [1m[36mcommit transaction[0m
  [1m[36mActiveRecord::InternalMetadata Load (0.3ms)[0m  [1m[34mSELECT  "ar_internal_metadata".* FROM "ar_internal_metadata" WHERE "ar_internal_metadata"."key" = ? LIMIT ?[0m  [["key", :environment], ["LIMIT", 1]]
  [1m[35m (0.1ms)[0m  [1m[36mbegin transaction[0m
  [1m[35m (0.1ms)[0m  [1m[36mcommit transaction[0m
  [1m[36mActiveRecord::SchemaMigration Load (0.1ms)[0m  [1m[34mSELECT "schema_migrations".* FROM "schema_migrations"[0m
  [1m[35m (0.1ms)[0m  [1m[34m            SELECT sql
            FROM sqlite_master
            WHERE name='index_users_on_reset_password_token' AND type='index'
            UNION ALL
            SELECT sql
            FROM sqlite_temp_master
            WHERE name='index_users_on_reset_password_token' AND type='index'
[0m
  [1m[35m (0.1ms)[0m  [1m[34m            SELECT sql
            FROM sqlite_master
            WHERE name='index_users_on_email' AND type='index'
            UNION ALL
            SELECT sql
            FROM sqlite_temp_master
            WHERE name='index_users_on_email' AND type='index'
[0m
Started GET "/admin/products" for ::1 at 2019-11-10 09:23:00 +0800
Started GET "/admin/products/new" for ::1 at 2019-11-10 09:23:00 +0800
  [1m[36mActiveRecord::SchemaMigration Load (0.2ms)[0m  [1m[34mSELECT "schema_migrations".* FROM "schema_migrations"[0m
  [1m[36mActiveRecord::SchemaMigration Load (0.2ms)[0m  [1m[34mSELECT "schema_migrations".* FROM "schema_migrations"[0m
Processing by Admin::ProductsController#index as HTML
Processing by Admin::ProductsController#new as HTML
  [1m[36mUser Load (0.2ms)[0m  [1m[34mSELECT  "users".* FROM "users" WHERE "users"."id" = ? ORDER BY "users"."id" ASC LIMIT ?[0m  [["id", 1], ["LIMIT", 1]]
  [1m[36mUser Load (0.2ms)[0m  [1m[34mSELECT  "users".* FROM "users" WHERE "users"."id" = ? ORDER BY "users"."id" ASC LIMIT ?[0m  [["id", 1], ["LIMIT", 1]]
  Rendering admin/products/index.html.erb within layouts/admin
  Rendering admin/products/new.html.erb within layouts/admin
  [1m[36mProduct Load (0.1ms)[0m  [1m[34mSELECT "products".* FROM "products"[0m
  Rendered admin/products/index.html.erb within layouts/admin (4.3ms)
  Rendered admin/products/new.html.erb within layouts/admin (244.0ms)
  Rendered common/_navbar.html.erb (2.6ms)
Completed 200 OK in 729ms (Views: 673.2ms | ActiveRecord: 0.9ms)


  Rendered common/_navbar.html.erb (0.8ms)
Completed 200 OK in 745ms (Views: 699.1ms | ActiveRecord: 0.8ms)


Started GET "/" for ::1 at 2019-11-10 09:23:04 +0800
Processing by ProductsController#index as HTML
  Rendering products/index.html.erb within layouts/application
  [1m[36mProduct Load (0.2ms)[0m  [1m[34mSELECT "products".* FROM "products"[0m
  Rendered products/index.html.erb within layouts/application (7.3ms)
  [1m[36mUser Load (0.2ms)[0m  [1m[34mSELECT  "users".* FROM "users" WHERE "users"."id" = ? ORDER BY "users"."id" ASC LIMIT ?[0m  [["id", 1], ["LIMIT", 1]]
  Rendered common/_navbar.html.erb (5.7ms)
  Rendered common/_flashes.html.erb (1.4ms)
  Rendered common/_footer.html.erb (0.5ms)
Completed 200 OK in 99ms (Views: 95.1ms | ActiveRecord: 0.4ms)


Started GET "/" for ::1 at 2019-11-10 09:23:04 +0800
Processing by ProductsController#index as HTML
  Rendering products/index.html.erb within layouts/application
  [1m[36mProduct Load (0.3ms)[0m  [1m[34mSELECT "products".* FROM "products"[0m
  Rendered products/index.html.erb within layouts/application (2.4ms)
  [1m[36mUser Load (0.3ms)[0m  [1m[34mSELECT  "users".* FROM "users" WHERE "users"."id" = ? ORDER BY "users"."id" ASC LIMIT ?[0m  [["id", 1], ["LIMIT", 1]]
  Rendered common/_navbar.html.erb (5.5ms)
  Rendered common/_flashes.html.erb (1.8ms)
  Rendered common/_footer.html.erb (0.5ms)
Completed 200 OK in 140ms (Views: 134.7ms | ActiveRecord: 0.5ms)


Started GET "/admin/products/new" for ::1 at 2019-11-10 09:23:06 +0800
Processing by Admin::ProductsController#new as HTML
  [1m[36mUser Load (1.1ms)[0m  [1m[34mSELECT  "users".* FROM "users" WHERE "users"."id" = ? ORDER BY "users"."id" ASC LIMIT ?[0m  [["id", 1], ["LIMIT", 1]]
  Rendering admin/products/new.html.erb within layouts/admin
  Rendered admin/products/new.html.erb within layouts/admin (11.9ms)
  Rendered common/_navbar.html.erb (1.7ms)
Completed 200 OK in 82ms (Views: 75.7ms | ActiveRecord: 1.1ms)


Started GET "/admin/products/new" for ::1 at 2019-11-10 09:23:06 +0800
Processing by Admin::ProductsController#new as HTML
  [1m[36mUser Load (0.6ms)[0m  [1m[34mSELECT  "users".* FROM "users" WHERE "users"."id" = ? ORDER BY "users"."id" ASC LIMIT ?[0m  [["id", 1], ["LIMIT", 1]]
  Rendering admin/products/new.html.erb within layouts/admin
  Rendered admin/products/new.html.erb within layouts/admin (22.9ms)
  Rendered common/_navbar.html.erb (1.6ms)
Completed 200 OK in 136ms (Views: 128.7ms | ActiveRecord: 0.6ms)


Started POST "/admin/products" for ::1 at 2019-11-10 09:23:29 +0800
Processing by Admin::ProductsController#create as HTML
  Parameters: {"utf8"=>"✓", "authenticity_token"=>"uYmzrNw99DK2tU1M52LRpvfhAXLXUxlArWWwTvA751B2KWweNJPn2U5mYamU4uI6JdhqMoMYExKVbXAeFtPQRQ==", "product"=>{"title"=>"ew", "description"=>"e", "quantity"=>"1", "price"=>"1", "image"=>#<ActionDispatch::Http::UploadedFile:0x007fb55fccaff8 @tempfile=#<Tempfile:/var/folders/mq/pbldhlgj3r78mxq_ncdldrnr0000gp/T/RackMultipart20191110-15288-n3xgtn.png>, @original_filename="数据可视化.png", @content_type="image/png", @headers="Content-Disposition: form-data; name=\"product[image]\"; filename=\"\xE6\x95\xB0\xE6\x8D\xAE\xE5\x8F\xAF\xE8\xA7\x86\xE5\x8C\x96.png\"\r\nContent-Type: image/png\r\n">}, "commit"=>"Submit"}
  [1m[36mUser Load (0.3ms)[0m  [1m[34mSELECT  "users".* FROM "users" WHERE "users"."id" = ? ORDER BY "users"."id" ASC LIMIT ?[0m  [["id", 1], ["LIMIT", 1]]
  [1m[35m (0.2ms)[0m  [1m[36mbegin transaction[0m
  [1m[35mSQL (0.6ms)[0m  [1m[32mINSERT INTO "products" ("title", "description", "quantity", "price", "created_at", "updated_at", "image") VALUES (?, ?, ?, ?, ?, ?, ?)[0m  [["title", "ew"], ["description", "e"], ["quantity", 1], ["price", 1], ["created_at", 2019-11-10 01:23:30 UTC], ["updated_at", 2019-11-10 01:23:30 UTC], ["image", "数据可视化.png"]]
  [1m[35m (2.0ms)[0m  [1m[36mcommit transaction[0m
Redirected to http://localhost:3000/admin/products
Completed 302 Found in 1009ms (ActiveRecord: 3.0ms)


Started GET "/admin/products" for ::1 at 2019-11-10 09:23:30 +0800
Processing by Admin::ProductsController#index as HTML
  [1m[36mUser Load (0.7ms)[0m  [1m[34mSELECT  "users".* FROM "users" WHERE "users"."id" = ? ORDER BY "users"."id" ASC LIMIT ?[0m  [["id", 1], ["LIMIT", 1]]
  Rendering admin/products/index.html.erb within layouts/admin
  [1m[36mProduct Load (0.3ms)[0m  [1m[34mSELECT "products".* FROM "products"[0m
  Rendered admin/products/index.html.erb within layouts/admin (3.2ms)
  Rendered common/_navbar.html.erb (2.5ms)
Completed 200 OK in 160ms (Views: 151.3ms | ActiveRecord: 1.0ms)


Started GET "/admin/products/1" for ::1 at 2019-11-10 09:23:32 +0800
  
AbstractController::ActionNotFound (The action 'show' could not be found for Admin::ProductsController):
  
actionpack (5.0.0) lib/abstract_controller/base.rb:121:in `process'
actionview (5.0.0) lib/action_view/rendering.rb:30:in `process'
actionpack (5.0.0) lib/action_controller/metal.rb:190:in `dispatch'
actionpack (5.0.0) lib/action_controller/metal.rb:262:in `dispatch'
actionpack (5.0.0) lib/action_dispatch/routing/route_set.rb:50:in `dispatch'
actionpack (5.0.0) lib/action_dispatch/routing/route_set.rb:32:in `serve'
actionpack (5.0.0) lib/action_dispatch/journey/router.rb:39:in `block in serve'
actionpack (5.0.0) lib/action_dispatch/journey/router.rb:26:in `each'
actionpack (5.0.0) lib/action_dispatch/journey/router.rb:26:in `serve'
actionpack (5.0.0) lib/action_dispatch/routing/route_set.rb:725:in `call'
warden (1.2.7) lib/warden/manager.rb:36:in `block in call'
warden (1.2.7) lib/warden/manager.rb:35:in `catch'
warden (1.2.7) lib/warden/manager.rb:35:in `call'
rack (2.0.1) lib/rack/etag.rb:25:in `call'
rack (2.0.1) lib/rack/conditional_get.rb:25:in `call'
rack (2.0.1) lib/rack/head.rb:12:in `call'
rack (2.0.1) lib/rack/session/abstract/id.rb:222:in `context'
rack (2.0.1) lib/rack/session/abstract/id.rb:216:in `call'
actionpack (5.0.0) lib/action_dispatch/middleware/cookies.rb:613:in `call'
activerecord (5.0.0) lib/active_record/migration.rb:552:in `call'
actionpack (5.0.0) lib/action_dispatch/middleware/callbacks.rb:38:in `block in call'
activesupport (5.0.0) lib/active_support/callbacks.rb:97:in `__run_callbacks__'
activesupport (5.0.0) lib/active_support/callbacks.rb:750:in `_run_call_callbacks'
activesupport (5.0.0) lib/active_support/callbacks.rb:90:in `run_callbacks'
actionpack (5.0.0) lib/action_dispatch/middleware/callbacks.rb:36:in `call'
actionpack (5.0.0) lib/action_dispatch/middleware/executor.rb:12:in `call'
actionpack (5.0.0) lib/action_dispatch/middleware/remote_ip.rb:79:in `call'
actionpack (5.0.0) lib/action_dispatch/middleware/debug_exceptions.rb:49:in `call'
web-console (3.3.1) lib/web_console/middleware.rb:131:in `call_app'
web-console (3.3.1) lib/web_console/middleware.rb:28:in `block in call'
web-console (3.3.1) lib/web_console/middleware.rb:18:in `catch'
web-console (3.3.1) lib/web_console/middleware.rb:18:in `call'
actionpack (5.0.0) lib/action_dispatch/middleware/show_exceptions.rb:31:in `call'
railties (5.0.0) lib/rails/rack/logger.rb:36:in `call_app'
railties (5.0.0) lib/rails/rack/logger.rb:24:in `block in call'
activesupport (5.0.0) lib/active_support/tagged_logging.rb:70:in `block in tagged'
activesupport (5.0.0) lib/active_support/tagged_logging.rb:26:in `tagged'
activesupport (5.0.0) lib/active_support/tagged_logging.rb:70:in `tagged'
railties (5.0.0) lib/rails/rack/logger.rb:24:in `call'
sprockets-rails (3.1.1) lib/sprockets/rails/quiet_assets.rb:13:in `call'
actionpack (5.0.0) lib/action_dispatch/middleware/request_id.rb:24:in `call'
rack (2.0.1) lib/rack/method_override.rb:22:in `call'
rack (2.0.1) lib/rack/runtime.rb:22:in `call'
activesupport (5.0.0) lib/active_support/cache/strategy/local_cache_middleware.rb:28:in `call'
actionpack (5.0.0) lib/action_dispatch/middleware/executor.rb:12:in `call'
actionpack (5.0.0) lib/action_dispatch/middleware/static.rb:136:in `call'
rack (2.0.1) lib/rack/sendfile.rb:111:in `call'
railties (5.0.0) lib/rails/engine.rb:522:in `call'
puma (3.6.0) lib/puma/configuration.rb:225:in `call'
puma (3.6.0) lib/puma/server.rb:578:in `handle_request'
puma (3.6.0) lib/puma/server.rb:415:in `process_client'
puma (3.6.0) lib/puma/server.rb:275:in `block in run'
puma (3.6.0) lib/puma/thread_pool.rb:116:in `block in spawn_thread'
  Rendering /Users/bigbook/.rvm/gems/ruby-2.3.1/gems/actionpack-5.0.0/lib/action_dispatch/middleware/templates/rescues/unknown_action.html.erb within rescues/layout
  Rendered /Users/bigbook/.rvm/gems/ruby-2.3.1/gems/actionpack-5.0.0/lib/action_dispatch/middleware/templates/rescues/unknown_action.html.erb within rescues/layout (0.8ms)
Started GET "/" for ::1 at 2019-11-10 09:23:37 +0800
Processing by ProductsController#index as HTML
  Rendering products/index.html.erb within layouts/application
  [1m[36mProduct Load (0.2ms)[0m  [1m[34mSELECT "products".* FROM "products"[0m
  Rendered products/index.html.erb within layouts/application (3.2ms)
  [1m[36mUser Load (0.3ms)[0m  [1m[34mSELECT  "users".* FROM "users" WHERE "users"."id" = ? ORDER BY "users"."id" ASC LIMIT ?[0m  [["id", 1], ["LIMIT", 1]]
  Rendered common/_navbar.html.erb (4.0ms)
  Rendered common/_flashes.html.erb (1.0ms)
  Rendered common/_footer.html.erb (0.7ms)
Completed 200 OK in 82ms (Views: 78.4ms | ActiveRecord: 0.5ms)


Started GET "/" for ::1 at 2019-11-10 09:23:37 +0800
Processing by ProductsController#index as HTML
  Rendering products/index.html.erb within layouts/application
  [1m[36mProduct Load (0.2ms)[0m  [1m[34mSELECT "products".* FROM "products"[0m
  Rendered products/index.html.erb within layouts/application (4.7ms)
  [1m[36mUser Load (0.3ms)[0m  [1m[34mSELECT  "users".* FROM "users" WHERE "users"."id" = ? ORDER BY "users"."id" ASC LIMIT ?[0m  [["id", 1], ["LIMIT", 1]]
  Rendered common/_navbar.html.erb (7.1ms)
  Rendered common/_flashes.html.erb (1.9ms)
  Rendered common/_footer.html.erb (0.4ms)
Completed 200 OK in 155ms (Views: 150.9ms | ActiveRecord: 0.5ms)


Started GET "/products" for ::1 at 2019-11-10 09:23:39 +0800
Processing by ProductsController#index as HTML
  Rendering products/index.html.erb within layouts/application
  [1m[36mProduct Load (0.1ms)[0m  [1m[34mSELECT "products".* FROM "products"[0m
  Rendered products/index.html.erb within layouts/application (2.7ms)
  [1m[36mUser Load (0.2ms)[0m  [1m[34mSELECT  "users".* FROM "users" WHERE "users"."id" = ? ORDER BY "users"."id" ASC LIMIT ?[0m  [["id", 1], ["LIMIT", 1]]
  Rendered common/_navbar.html.erb (2.5ms)
  Rendered common/_flashes.html.erb (1.0ms)
  Rendered common/_footer.html.erb (0.3ms)
Completed 200 OK in 61ms (Views: 56.5ms | ActiveRecord: 0.3ms)


Started GET "/admin/products" for ::1 at 2019-11-10 09:23:43 +0800
Processing by Admin::ProductsController#index as HTML
  [1m[36mUser Load (0.9ms)[0m  [1m[34mSELECT  "users".* FROM "users" WHERE "users"."id" = ? ORDER BY "users"."id" ASC LIMIT ?[0m  [["id", 1], ["LIMIT", 1]]
  Rendering admin/products/index.html.erb within layouts/admin
  [1m[36mProduct Load (0.2ms)[0m  [1m[34mSELECT "products".* FROM "products"[0m
  Rendered admin/products/index.html.erb within layouts/admin (1.4ms)
  Rendered common/_navbar.html.erb (1.7ms)
Completed 200 OK in 50ms (Views: 42.3ms | ActiveRecord: 1.1ms)


Started GET "/admin/products" for ::1 at 2019-11-10 09:23:43 +0800
Processing by Admin::ProductsController#index as HTML
  [1m[36mUser Load (0.3ms)[0m  [1m[34mSELECT  "users".* FROM "users" WHERE "users"."id" = ? ORDER BY "users"."id" ASC LIMIT ?[0m  [["id", 1], ["LIMIT", 1]]
  Rendering admin/products/index.html.erb within layouts/admin
  [1m[36mProduct Load (0.2ms)[0m  [1m[34mSELECT "products".* FROM "products"[0m
  Rendered admin/products/index.html.erb within layouts/admin (2.0ms)
  Rendered common/_navbar.html.erb (1.4ms)
Completed 200 OK in 73ms (Views: 67.3ms | ActiveRecord: 0.5ms)


Started GET "/admin/products/1" for ::1 at 2019-11-10 09:23:45 +0800
  
AbstractController::ActionNotFound (The action 'show' could not be found for Admin::ProductsController):
  
Started GET "/admin/products/1" for ::1 at 2019-11-10 09:23:45 +0800
actionpack (5.0.0) lib/abstract_controller/base.rb:121:in `process'
actionview (5.0.0) lib/action_view/rendering.rb:30:in `process'
actionpack (5.0.0) lib/action_controller/metal.rb:190:in `dispatch'
actionpack (5.0.0) lib/action_controller/metal.rb:262:in `dispatch'
actionpack (5.0.0) lib/action_dispatch/routing/route_set.rb:50:in `dispatch'
actionpack (5.0.0) lib/action_dispatch/routing/route_set.rb:32:in `serve'
actionpack (5.0.0) lib/action_dispatch/journey/router.rb:39:in `block in serve'
actionpack (5.0.0) lib/action_dispatch/journey/router.rb:26:in `each'
actionpack (5.0.0) lib/action_dispatch/journey/router.rb:26:in `serve'
actionpack (5.0.0) lib/action_dispatch/routing/route_set.rb:725:in `call'
warden (1.2.7) lib/warden/manager.rb:36:in `block in call'
warden (1.2.7) lib/warden/manager.rb:35:in `catch'
warden (1.2.7) lib/warden/manager.rb:35:in `call'
rack (2.0.1) lib/rack/etag.rb:25:in `call'
rack (2.0.1) lib/rack/conditional_get.rb:25:in `call'
  
rack (2.0.1) lib/rack/head.rb:12:in `call'
AbstractController::ActionNotFound (The action 'show' could not be found for Admin::ProductsController):
rack (2.0.1) lib/rack/session/abstract/id.rb:222:in `context'
  
rack (2.0.1) lib/rack/session/abstract/id.rb:216:in `call'
actionpack (5.0.0) lib/abstract_controller/base.rb:121:in `process'
actionpack (5.0.0) lib/action_dispatch/middleware/cookies.rb:613:in `call'
actionview (5.0.0) lib/action_view/rendering.rb:30:in `process'
activerecord (5.0.0) lib/active_record/migration.rb:552:in `call'
actionpack (5.0.0) lib/action_controller/metal.rb:190:in `dispatch'
actionpack (5.0.0) lib/action_dispatch/middleware/callbacks.rb:38:in `block in call'
actionpack (5.0.0) lib/action_controller/metal.rb:262:in `dispatch'
activesupport (5.0.0) lib/active_support/callbacks.rb:97:in `__run_callbacks__'
actionpack (5.0.0) lib/action_dispatch/routing/route_set.rb:50:in `dispatch'
activesupport (5.0.0) lib/active_support/callbacks.rb:750:in `_run_call_callbacks'
actionpack (5.0.0) lib/action_dispatch/routing/route_set.rb:32:in `serve'
activesupport (5.0.0) lib/active_support/callbacks.rb:90:in `run_callbacks'
actionpack (5.0.0) lib/action_dispatch/journey/router.rb:39:in `block in serve'
actionpack (5.0.0) lib/action_dispatch/middleware/callbacks.rb:36:in `call'
actionpack (5.0.0) lib/action_dispatch/journey/router.rb:26:in `each'
actionpack (5.0.0) lib/action_dispatch/middleware/executor.rb:12:in `call'
actionpack (5.0.0) lib/action_dispatch/journey/router.rb:26:in `serve'
actionpack (5.0.0) lib/action_dispatch/middleware/remote_ip.rb:79:in `call'
actionpack (5.0.0) lib/action_dispatch/routing/route_set.rb:725:in `call'
actionpack (5.0.0) lib/action_dispatch/middleware/debug_exceptions.rb:49:in `call'
warden (1.2.7) lib/warden/manager.rb:36:in `block in call'
web-console (3.3.1) lib/web_console/middleware.rb:131:in `call_app'
warden (1.2.7) lib/warden/manager.rb:35:in `catch'
web-console (3.3.1) lib/web_console/middleware.rb:28:in `block in call'
warden (1.2.7) lib/warden/manager.rb:35:in `call'
web-console (3.3.1) lib/web_console/middleware.rb:18:in `catch'
rack (2.0.1) lib/rack/etag.rb:25:in `call'
web-console (3.3.1) lib/web_console/middleware.rb:18:in `call'
rack (2.0.1) lib/rack/conditional_get.rb:25:in `call'
actionpack (5.0.0) lib/action_dispatch/middleware/show_exceptions.rb:31:in `call'
rack (2.0.1) lib/rack/head.rb:12:in `call'
railties (5.0.0) lib/rails/rack/logger.rb:36:in `call_app'
rack (2.0.1) lib/rack/session/abstract/id.rb:222:in `context'
railties (5.0.0) lib/rails/rack/logger.rb:24:in `block in call'
rack (2.0.1) lib/rack/session/abstract/id.rb:216:in `call'
activesupport (5.0.0) lib/active_support/tagged_logging.rb:70:in `block in tagged'
actionpack (5.0.0) lib/action_dispatch/middleware/cookies.rb:613:in `call'
activesupport (5.0.0) lib/active_support/tagged_logging.rb:26:in `tagged'
activerecord (5.0.0) lib/active_record/migration.rb:552:in `call'
activesupport (5.0.0) lib/active_support/tagged_logging.rb:70:in `tagged'
actionpack (5.0.0) lib/action_dispatch/middleware/callbacks.rb:38:in `block in call'
railties (5.0.0) lib/rails/rack/logger.rb:24:in `call'
activesupport (5.0.0) lib/active_support/callbacks.rb:97:in `__run_callbacks__'
sprockets-rails (3.1.1) lib/sprockets/rails/quiet_assets.rb:13:in `call'
activesupport (5.0.0) lib/active_support/callbacks.rb:750:in `_run_call_callbacks'
actionpack (5.0.0) lib/action_dispatch/middleware/request_id.rb:24:in `call'
activesupport (5.0.0) lib/active_support/callbacks.rb:90:in `run_callbacks'
rack (2.0.1) lib/rack/method_override.rb:22:in `call'
actionpack (5.0.0) lib/action_dispatch/middleware/callbacks.rb:36:in `call'
rack (2.0.1) lib/rack/runtime.rb:22:in `call'
actionpack (5.0.0) lib/action_dispatch/middleware/executor.rb:12:in `call'
activesupport (5.0.0) lib/active_support/cache/strategy/local_cache_middleware.rb:28:in `call'
actionpack (5.0.0) lib/action_dispatch/middleware/remote_ip.rb:79:in `call'
actionpack (5.0.0) lib/action_dispatch/middleware/executor.rb:12:in `call'
actionpack (5.0.0) lib/action_dispatch/middleware/debug_exceptions.rb:49:in `call'
actionpack (5.0.0) lib/action_dispatch/middleware/static.rb:136:in `call'
web-console (3.3.1) lib/web_console/middleware.rb:131:in `call_app'
rack (2.0.1) lib/rack/sendfile.rb:111:in `call'
web-console (3.3.1) lib/web_console/middleware.rb:28:in `block in call'
railties (5.0.0) lib/rails/engine.rb:522:in `call'
web-console (3.3.1) lib/web_console/middleware.rb:18:in `catch'
puma (3.6.0) lib/puma/configuration.rb:225:in `call'
web-console (3.3.1) lib/web_console/middleware.rb:18:in `call'
puma (3.6.0) lib/puma/server.rb:578:in `handle_request'
actionpack (5.0.0) lib/action_dispatch/middleware/show_exceptions.rb:31:in `call'
puma (3.6.0) lib/puma/server.rb:415:in `process_client'
railties (5.0.0) lib/rails/rack/logger.rb:36:in `call_app'
puma (3.6.0) lib/puma/server.rb:275:in `block in run'
railties (5.0.0) lib/rails/rack/logger.rb:24:in `block in call'
activesupport (5.0.0) lib/active_support/tagged_logging.rb:70:in `block in tagged'
puma (3.6.0) lib/puma/thread_pool.rb:116:in `block in spawn_thread'
activesupport (5.0.0) lib/active_support/tagged_logging.rb:26:in `tagged'
activesupport (5.0.0) lib/active_support/tagged_logging.rb:70:in `tagged'
railties (5.0.0) lib/rails/rack/logger.rb:24:in `call'
sprockets-rails (3.1.1) lib/sprockets/rails/quiet_assets.rb:13:in `call'
actionpack (5.0.0) lib/action_dispatch/middleware/request_id.rb:24:in `call'
rack (2.0.1) lib/rack/method_override.rb:22:in `call'
rack (2.0.1) lib/rack/runtime.rb:22:in `call'
activesupport (5.0.0) lib/active_support/cache/strategy/local_cache_middleware.rb:28:in `call'
actionpack (5.0.0) lib/action_dispatch/middleware/executor.rb:12:in `call'
actionpack (5.0.0) lib/action_dispatch/middleware/static.rb:136:in `call'
rack (2.0.1) lib/rack/sendfile.rb:111:in `call'
railties (5.0.0) lib/rails/engine.rb:522:in `call'
puma (3.6.0) lib/puma/configuration.rb:225:in `call'
puma (3.6.0) lib/puma/server.rb:578:in `handle_request'
puma (3.6.0) lib/puma/server.rb:415:in `process_client'
puma (3.6.0) lib/puma/server.rb:275:in `block in run'
puma (3.6.0) lib/puma/thread_pool.rb:116:in `block in spawn_thread'
  Rendering /Users/bigbook/.rvm/gems/ruby-2.3.1/gems/actionpack-5.0.0/lib/action_dispatch/middleware/templates/rescues/unknown_action.html.erb within rescues/layout
  Rendering /Users/bigbook/.rvm/gems/ruby-2.3.1/gems/actionpack-5.0.0/lib/action_dispatch/middleware/templates/rescues/unknown_action.html.erb within rescues/layout
  Rendered /Users/bigbook/.rvm/gems/ruby-2.3.1/gems/actionpack-5.0.0/lib/action_dispatch/middleware/templates/rescues/unknown_action.html.erb within rescues/layout (0.5ms)
  Rendered /Users/bigbook/.rvm/gems/ruby-2.3.1/gems/actionpack-5.0.0/lib/action_dispatch/middleware/templates/rescues/unknown_action.html.erb within rescues/layout (0.4ms)
Started GET "/admin/products" for ::1 at 2019-11-10 09:23:54 +0800
Processing by Admin::ProductsController#index as HTML
  [1m[36mUser Load (0.2ms)[0m  [1m[34mSELECT  "users".* FROM "users" WHERE "users"."id" = ? ORDER BY "users"."id" ASC LIMIT ?[0m  [["id", 1], ["LIMIT", 1]]
  Rendering admin/products/index.html.erb within layouts/admin
  [1m[36mProduct Load (0.1ms)[0m  [1m[34mSELECT "products".* FROM "products"[0m
  Rendered admin/products/index.html.erb within layouts/admin (1.3ms)
  Rendered common/_navbar.html.erb (2.6ms)
Completed 200 OK in 59ms (Views: 55.1ms | ActiveRecord: 0.4ms)


Started GET "/" for ::1 at 2019-11-10 09:23:55 +0800
Processing by ProductsController#index as HTML
  Rendering products/index.html.erb within layouts/application
  [1m[36mProduct Load (0.3ms)[0m  [1m[34mSELECT "products".* FROM "products"[0m
  Rendered products/index.html.erb within layouts/application (2.5ms)
  [1m[36mUser Load (0.2ms)[0m  [1m[34mSELECT  "users".* FROM "users" WHERE "users"."id" = ? ORDER BY "users"."id" ASC LIMIT ?[0m  [["id", 1], ["LIMIT", 1]]
  Rendered common/_navbar.html.erb (2.3ms)
  Rendered common/_flashes.html.erb (0.5ms)
  Rendered common/_footer.html.erb (0.3ms)
Completed 200 OK in 59ms (Views: 54.2ms | ActiveRecord: 0.5ms)


Started GET "/" for ::1 at 2019-11-10 09:23:55 +0800
Processing by ProductsController#index as HTML
  Rendering products/index.html.erb within layouts/application
  [1m[36mProduct Load (0.3ms)[0m  [1m[34mSELECT "products".* FROM "products"[0m
  Rendered products/index.html.erb within layouts/application (3.9ms)
  [1m[36mUser Load (0.3ms)[0m  [1m[34mSELECT  "users".* FROM "users" WHERE "users"."id" = ? ORDER BY "users"."id" ASC LIMIT ?[0m  [["id", 1], ["LIMIT", 1]]
  Rendered common/_navbar.html.erb (3.8ms)
  Rendered common/_flashes.html.erb (1.1ms)
  Rendered common/_footer.html.erb (0.6ms)
Completed 200 OK in 148ms (Views: 144.5ms | ActiveRecord: 0.5ms)


Started GET "/" for ::1 at 2019-11-10 09:24:03 +0800
Processing by ProductsController#index as HTML
  Rendering products/index.html.erb within layouts/application
  [1m[36mProduct Load (0.2ms)[0m  [1m[34mSELECT "products".* FROM "products"[0m
  Rendered products/index.html.erb within layouts/application (2.6ms)
  [1m[36mUser Load (0.2ms)[0m  [1m[34mSELECT  "users".* FROM "users" WHERE "users"."id" = ? ORDER BY "users"."id" ASC LIMIT ?[0m  [["id", 1], ["LIMIT", 1]]
  Rendered common/_navbar.html.erb (2.7ms)
  Rendered common/_flashes.html.erb (0.5ms)
  Rendered common/_footer.html.erb (0.3ms)
Completed 200 OK in 50ms (Views: 48.1ms | ActiveRecord: 0.4ms)


Started GET "/" for ::1 at 2019-11-10 09:28:53 +0800
  [1m[36mActiveRecord::SchemaMigration Load (0.3ms)[0m  [1m[34mSELECT "schema_migrations".* FROM "schema_migrations"[0m
Processing by ProductsController#index as HTML
  Rendering products/index.html.erb within layouts/application
  [1m[36mProduct Load (0.2ms)[0m  [1m[34mSELECT "products".* FROM "products"[0m
  Rendered products/index.html.erb within layouts/application (23.7ms)
  [1m[36mCart Load (0.3ms)[0m  [1m[34mSELECT  "carts".* FROM "carts" WHERE "carts"."id" = ? LIMIT ?[0m  [["id", 2], ["LIMIT", 1]]
  [1m[35m (0.1ms)[0m  [1m[36mbegin transaction[0m
  [1m[35mSQL (0.6ms)[0m  [1m[32mINSERT INTO "carts" ("created_at", "updated_at") VALUES (?, ?)[0m  [["created_at", 2019-11-10 01:28:57 UTC], ["updated_at", 2019-11-10 01:28:57 UTC]]
  [1m[35m (3.9ms)[0m  [1m[36mcommit transaction[0m
  [1m[35m (0.3ms)[0m  [1m[34mSELECT COUNT(*) FROM "products" INNER JOIN "cart_items" ON "products"."id" = "cart_items"."product_id" WHERE "cart_items"."cart_id" = ?[0m  [["cart_id", 1]]
  [1m[36mUser Load (0.2ms)[0m  [1m[34mSELECT  "users".* FROM "users" WHERE "users"."id" = ? ORDER BY "users"."id" ASC LIMIT ?[0m  [["id", 1], ["LIMIT", 1]]
  Rendered common/_navbar.html.erb (149.3ms)
  Rendered common/_flashes.html.erb (1.5ms)
  Rendered common/_footer.html.erb (0.6ms)
Completed 200 OK in 3342ms (Views: 3304.7ms | ActiveRecord: 8.1ms)


Started GET "/" for ::1 at 2019-11-10 09:29:01 +0800
Processing by ProductsController#index as HTML
  Rendering products/index.html.erb within layouts/application
  [1m[36mProduct Load (0.2ms)[0m  [1m[34mSELECT "products".* FROM "products"[0m
  Rendered products/index.html.erb within layouts/application (2.7ms)
  [1m[36mCart Load (0.1ms)[0m  [1m[34mSELECT  "carts".* FROM "carts" WHERE "carts"."id" = ? LIMIT ?[0m  [["id", 1], ["LIMIT", 1]]
  [1m[35m (0.2ms)[0m  [1m[34mSELECT COUNT(*) FROM "products" INNER JOIN "cart_items" ON "products"."id" = "cart_items"."product_id" WHERE "cart_items"."cart_id" = ?[0m  [["cart_id", 1]]
  [1m[36mUser Load (0.2ms)[0m  [1m[34mSELECT  "users".* FROM "users" WHERE "users"."id" = ? ORDER BY "users"."id" ASC LIMIT ?[0m  [["id", 1], ["LIMIT", 1]]
  Rendered common/_navbar.html.erb (6.6ms)
  Rendered common/_flashes.html.erb (0.4ms)
  Rendered common/_footer.html.erb (0.2ms)
Completed 200 OK in 56ms (Views: 53.1ms | ActiveRecord: 0.7ms)


Started GET "/" for ::1 at 2019-11-10 09:29:03 +0800
Processing by ProductsController#index as HTML
  Rendering products/index.html.erb within layouts/application
  [1m[36mProduct Load (0.1ms)[0m  [1m[34mSELECT "products".* FROM "products"[0m
  Rendered products/index.html.erb within layouts/application (2.1ms)
  [1m[36mCart Load (0.1ms)[0m  [1m[34mSELECT  "carts".* FROM "carts" WHERE "carts"."id" = ? LIMIT ?[0m  [["id", 1], ["LIMIT", 1]]
  [1m[35m (0.2ms)[0m  [1m[34mSELECT COUNT(*) FROM "products" INNER JOIN "cart_items" ON "products"."id" = "cart_items"."product_id" WHERE "cart_items"."cart_id" = ?[0m  [["cart_id", 1]]
  [1m[36mUser Load (0.2ms)[0m  [1m[34mSELECT  "users".* FROM "users" WHERE "users"."id" = ? ORDER BY "users"."id" ASC LIMIT ?[0m  [["id", 1], ["LIMIT", 1]]
  Rendered common/_navbar.html.erb (7.2ms)
  Rendered common/_flashes.html.erb (0.7ms)
  Rendered common/_footer.html.erb (1.5ms)
Completed 200 OK in 95ms (Views: 91.9ms | ActiveRecord: 0.7ms)


Started GET "/products" for ::1 at 2019-11-10 09:29:03 +0800
Processing by ProductsController#index as HTML
  Rendering products/index.html.erb within layouts/application
  [1m[36mProduct Load (0.2ms)[0m  [1m[34mSELECT "products".* FROM "products"[0m
  Rendered products/index.html.erb within layouts/application (2.2ms)
  [1m[36mCart Load (0.1ms)[0m  [1m[34mSELECT  "carts".* FROM "carts" WHERE "carts"."id" = ? LIMIT ?[0m  [["id", 1], ["LIMIT", 1]]
  [1m[35m (0.2ms)[0m  [1m[34mSELECT COUNT(*) FROM "products" INNER JOIN "cart_items" ON "products"."id" = "cart_items"."product_id" WHERE "cart_items"."cart_id" = ?[0m  [["cart_id", 1]]
  [1m[36mUser Load (0.2ms)[0m  [1m[34mSELECT  "users".* FROM "users" WHERE "users"."id" = ? ORDER BY "users"."id" ASC LIMIT ?[0m  [["id", 1], ["LIMIT", 1]]
  Rendered common/_navbar.html.erb (7.6ms)
  Rendered common/_flashes.html.erb (1.2ms)
  Rendered common/_footer.html.erb (0.4ms)
Completed 200 OK in 71ms (Views: 66.4ms | ActiveRecord: 0.7ms)


Started GET "/carts" for ::1 at 2019-11-10 09:29:06 +0800
Processing by CartsController#index as HTML
  Rendering carts/index.html.erb within layouts/application
  [1m[36mCart Load (0.1ms)[0m  [1m[34mSELECT  "carts".* FROM "carts" WHERE "carts"."id" = ? LIMIT ?[0m  [["id", 1], ["LIMIT", 1]]
  [1m[36mCartItem Load (0.1ms)[0m  [1m[34mSELECT "cart_items".* FROM "cart_items" WHERE "cart_items"."cart_id" = ?[0m  [["cart_id", 1]]
  Rendered carts/index.html.erb within layouts/application (5.1ms)
  [1m[35m (0.4ms)[0m  [1m[34mSELECT COUNT(*) FROM "products" INNER JOIN "cart_items" ON "products"."id" = "cart_items"."product_id" WHERE "cart_items"."cart_id" = ?[0m  [["cart_id", 1]]
  [1m[36mUser Load (0.2ms)[0m  [1m[34mSELECT  "users".* FROM "users" WHERE "users"."id" = ? ORDER BY "users"."id" ASC LIMIT ?[0m  [["id", 1], ["LIMIT", 1]]
  Rendered common/_navbar.html.erb (7.5ms)
  Rendered common/_flashes.html.erb (0.6ms)
  Rendered common/_footer.html.erb (0.4ms)
Completed 200 OK in 92ms (Views: 88.7ms | ActiveRecord: 1.1ms)


Started GET "/products" for ::1 at 2019-11-10 09:29:11 +0800
Processing by ProductsController#index as HTML
  Rendering products/index.html.erb within layouts/application
  [1m[36mProduct Load (0.2ms)[0m  [1m[34mSELECT "products".* FROM "products"[0m
  Rendered products/index.html.erb within layouts/application (3.2ms)
  [1m[36mCart Load (0.1ms)[0m  [1m[34mSELECT  "carts".* FROM "carts" WHERE "carts"."id" = ? LIMIT ?[0m  [["id", 1], ["LIMIT", 1]]
  [1m[35m (0.2ms)[0m  [1m[34mSELECT COUNT(*) FROM "products" INNER JOIN "cart_items" ON "products"."id" = "cart_items"."product_id" WHERE "cart_items"."cart_id" = ?[0m  [["cart_id", 1]]
  [1m[36mUser Load (0.2ms)[0m  [1m[34mSELECT  "users".* FROM "users" WHERE "users"."id" = ? ORDER BY "users"."id" ASC LIMIT ?[0m  [["id", 1], ["LIMIT", 1]]
  Rendered common/_navbar.html.erb (7.4ms)
  Rendered common/_flashes.html.erb (0.6ms)
  Rendered common/_footer.html.erb (0.5ms)
Completed 200 OK in 92ms (Views: 88.4ms | ActiveRecord: 0.7ms)


Started DELETE "/users/sign_out" for ::1 at 2019-11-10 09:29:15 +0800
Processing by Devise::SessionsController#destroy as HTML
  Parameters: {"authenticity_token"=>"HlyNO3z32tRxDmzajf0Y6plKZQ1926C0Qmp38TVXQuvR/FKJlFnJP4ndQD/+fSt2S3MOTSmQquZ6Yreh0791/g=="}
  [1m[36mUser Load (0.2ms)[0m  [1m[34mSELECT  "users".* FROM "users" WHERE "users"."id" = ? ORDER BY "users"."id" ASC LIMIT ?[0m  [["id", 1], ["LIMIT", 1]]
  [1m[35m (0.1ms)[0m  [1m[36mbegin transaction[0m
  [1m[35m (0.1ms)[0m  [1m[36mcommit transaction[0m
Redirected to http://localhost:3000/
Completed 302 Found in 17ms (ActiveRecord: 0.4ms)


Started GET "/" for ::1 at 2019-11-10 09:29:15 +0800
Processing by ProductsController#index as HTML
  Rendering products/index.html.erb within layouts/application
  [1m[36mProduct Load (0.2ms)[0m  [1m[34mSELECT "products".* FROM "products"[0m
  Rendered products/index.html.erb within layouts/application (2.6ms)
  [1m[36mCart Load (0.2ms)[0m  [1m[34mSELECT  "carts".* FROM "carts" WHERE "carts"."id" IS NULL LIMIT ?[0m  [["LIMIT", 1]]
  [1m[35m (0.1ms)[0m  [1m[36mbegin transaction[0m
  [1m[35mSQL (0.7ms)[0m  [1m[32mINSERT INTO "carts" ("created_at", "updated_at") VALUES (?, ?)[0m  [["created_at", 2019-11-10 01:29:15 UTC], ["updated_at", 2019-11-10 01:29:15 UTC]]
  [1m[35m (2.1ms)[0m  [1m[36mcommit transaction[0m
  [1m[35m (0.7ms)[0m  [1m[34mSELECT COUNT(*) FROM "products" INNER JOIN "cart_items" ON "products"."id" = "cart_items"."product_id" WHERE "cart_items"."cart_id" = ?[0m  [["cart_id", 2]]
  Rendered common/_navbar.html.erb (25.5ms)
  Rendered common/_flashes.html.erb (0.9ms)
  Rendered common/_footer.html.erb (0.6ms)
Completed 200 OK in 98ms (Views: 90.8ms | ActiveRecord: 3.9ms)


Started GET "/admin/products/1/edit" for ::1 at 2019-11-10 09:29:21 +0800
Processing by Admin::ProductsController#edit as HTML
  Parameters: {"id"=>"1"}
Completed 401 Unauthorized in 1ms (ActiveRecord: 0.0ms)


Started GET "/users/sign_in" for ::1 at 2019-11-10 09:29:21 +0800
Processing by Devise::SessionsController#new as HTML
  Rendering /Users/bigbook/.rvm/gems/ruby-2.3.1/gems/devise-4.7.1/app/views/devise/sessions/new.html.erb within layouts/application
  Rendered /Users/bigbook/.rvm/gems/ruby-2.3.1/gems/devise-4.7.1/app/views/devise/shared/_links.html.erb (1.5ms)
  Rendered /Users/bigbook/.rvm/gems/ruby-2.3.1/gems/devise-4.7.1/app/views/devise/sessions/new.html.erb within layouts/application (24.7ms)
  [1m[36mCart Load (0.2ms)[0m  [1m[34mSELECT  "carts".* FROM "carts" WHERE "carts"."id" = ? LIMIT ?[0m  [["id", 2], ["LIMIT", 1]]
  [1m[35m (0.2ms)[0m  [1m[34mSELECT COUNT(*) FROM "products" INNER JOIN "cart_items" ON "products"."id" = "cart_items"."product_id" WHERE "cart_items"."cart_id" = ?[0m  [["cart_id", 2]]
  Rendered common/_navbar.html.erb (7.4ms)
  Rendered common/_flashes.html.erb (0.8ms)
  Rendered common/_footer.html.erb (0.9ms)
Completed 200 OK in 112ms (Views: 104.7ms | ActiveRecord: 0.4ms)


Started GET "/" for ::1 at 2019-11-10 09:29:24 +0800
Processing by ProductsController#index as HTML
  Rendering products/index.html.erb within layouts/application
  [1m[36mProduct Load (0.2ms)[0m  [1m[34mSELECT "products".* FROM "products"[0m
  Rendered products/index.html.erb within layouts/application (2.6ms)
  [1m[36mCart Load (0.2ms)[0m  [1m[34mSELECT  "carts".* FROM "carts" WHERE "carts"."id" = ? LIMIT ?[0m  [["id", 2], ["LIMIT", 1]]
  [1m[35m (0.2ms)[0m  [1m[34mSELECT COUNT(*) FROM "products" INNER JOIN "cart_items" ON "products"."id" = "cart_items"."product_id" WHERE "cart_items"."cart_id" = ?[0m  [["cart_id", 2]]
  Rendered common/_navbar.html.erb (8.7ms)
  Rendered common/_flashes.html.erb (0.7ms)
  Rendered common/_footer.html.erb (0.3ms)
Completed 200 OK in 104ms (Views: 100.2ms | ActiveRecord: 0.5ms)


Started GET "/" for ::1 at 2019-11-10 09:29:25 +0800
Processing by ProductsController#index as HTML
  Rendering products/index.html.erb within layouts/application
  [1m[36mProduct Load (0.2ms)[0m  [1m[34mSELECT "products".* FROM "products"[0m
  Rendered products/index.html.erb within layouts/application (2.7ms)
  [1m[36mCart Load (0.1ms)[0m  [1m[34mSELECT  "carts".* FROM "carts" WHERE "carts"."id" = ? LIMIT ?[0m  [["id", 2], ["LIMIT", 1]]
  [1m[35m (0.2ms)[0m  [1m[34mSELECT COUNT(*) FROM "products" INNER JOIN "cart_items" ON "products"."id" = "cart_items"."product_id" WHERE "cart_items"."cart_id" = ?[0m  [["cart_id", 2]]
  Rendered common/_navbar.html.erb (5.0ms)
  Rendered common/_flashes.html.erb (0.5ms)
  Rendered common/_footer.html.erb (0.5ms)
Completed 200 OK in 79ms (Views: 76.1ms | ActiveRecord: 0.5ms)


Started GET "/products/1" for ::1 at 2019-11-10 09:29:26 +0800
Processing by ProductsController#show as HTML
  Parameters: {"id"=>"1"}
  [1m[36mProduct Load (0.3ms)[0m  [1m[34mSELECT  "products".* FROM "products" WHERE "products"."id" = ? LIMIT ?[0m  [["id", 1], ["LIMIT", 1]]
  Rendering products/show.html.erb within layouts/application
  Rendered products/show.html.erb within layouts/application (1.3ms)
  [1m[36mCart Load (0.1ms)[0m  [1m[34mSELECT  "carts".* FROM "carts" WHERE "carts"."id" = ? LIMIT ?[0m  [["id", 2], ["LIMIT", 1]]
  [1m[35m (0.2ms)[0m  [1m[34mSELECT COUNT(*) FROM "products" INNER JOIN "cart_items" ON "products"."id" = "cart_items"."product_id" WHERE "cart_items"."cart_id" = ?[0m  [["cart_id", 2]]
  Rendered common/_navbar.html.erb (4.7ms)
  Rendered common/_flashes.html.erb (0.5ms)
  Rendered common/_footer.html.erb (0.3ms)
Completed 200 OK in 64ms (Views: 59.3ms | ActiveRecord: 0.6ms)


Started POST "/products/1/add_to_cart" for ::1 at 2019-11-10 09:29:29 +0800
Processing by ProductsController#add_to_cart as HTML
  Parameters: {"authenticity_token"=>"rJd9309HaNvytwmwVuLi6m20xkmcnsihsmvuiQvu8QGyHmwkYU9Rmh4FQnQhQXs5WtXKmsI6X00gurEg4OhBWw==", "id"=>"1"}
  [1m[36mProduct Load (0.2ms)[0m  [1m[34mSELECT  "products".* FROM "products" WHERE "products"."id" = ? LIMIT ?[0m  [["id", 1], ["LIMIT", 1]]
  [1m[36mCart Load (0.1ms)[0m  [1m[34mSELECT  "carts".* FROM "carts" WHERE "carts"."id" = ? LIMIT ?[0m  [["id", 2], ["LIMIT", 1]]
  [1m[35m (0.1ms)[0m  [1m[36mbegin transaction[0m
  [1m[35mSQL (0.4ms)[0m  [1m[32mINSERT INTO "cart_items" ("cart_id", "product_id", "created_at", "updated_at") VALUES (?, ?, ?, ?)[0m  [["cart_id", 2], ["product_id", 1], ["created_at", 2019-11-10 01:29:29 UTC], ["updated_at", 2019-11-10 01:29:29 UTC]]
  [1m[35m (1.7ms)[0m  [1m[36mcommit transaction[0m
DEPRECATION WARNING: `redirect_to :back` is deprecated and will be removed from Rails 5.1. Please use `redirect_back(fallback_location: fallback_location)` where `fallback_location` represents the location to use if the request has no HTTP referer information. (called from add_to_cart at /Users/bigbook/jianyi/app/controllers/products_controller.rb:7)
Redirected to http://localhost:3000/products/1
Completed 302 Found in 20ms (ActiveRecord: 2.8ms)


Started GET "/products/1" for ::1 at 2019-11-10 09:29:29 +0800
Processing by ProductsController#show as HTML
  Parameters: {"id"=>"1"}
  [1m[36mProduct Load (0.3ms)[0m  [1m[34mSELECT  "products".* FROM "products" WHERE "products"."id" = ? LIMIT ?[0m  [["id", 1], ["LIMIT", 1]]
  Rendering products/show.html.erb within layouts/application
  Rendered products/show.html.erb within layouts/application (1.7ms)
  [1m[36mCart Load (0.1ms)[0m  [1m[34mSELECT  "carts".* FROM "carts" WHERE "carts"."id" = ? LIMIT ?[0m  [["id", 2], ["LIMIT", 1]]
  [1m[35m (0.2ms)[0m  [1m[34mSELECT COUNT(*) FROM "products" INNER JOIN "cart_items" ON "products"."id" = "cart_items"."product_id" WHERE "cart_items"."cart_id" = ?[0m  [["cart_id", 2]]
  Rendered common/_navbar.html.erb (4.6ms)
  Rendered common/_flashes.html.erb (0.7ms)
  Rendered common/_footer.html.erb (0.7ms)
Completed 200 OK in 109ms (Views: 101.3ms | ActiveRecord: 0.5ms)


Started GET "/carts" for ::1 at 2019-11-10 09:29:31 +0800
Processing by CartsController#index as HTML
  Rendering carts/index.html.erb within layouts/application
  [1m[36mCart Load (0.2ms)[0m  [1m[34mSELECT  "carts".* FROM "carts" WHERE "carts"."id" = ? LIMIT ?[0m  [["id", 2], ["LIMIT", 1]]
  [1m[36mCartItem Load (0.2ms)[0m  [1m[34mSELECT "cart_items".* FROM "cart_items" WHERE "cart_items"."cart_id" = ?[0m  [["cart_id", 2]]
  [1m[36mProduct Load (0.1ms)[0m  [1m[34mSELECT  "products".* FROM "products" WHERE "products"."id" = ? LIMIT ?[0m  [["id", 1], ["LIMIT", 1]]
  Rendered carts/index.html.erb within layouts/application (5.6ms)
  [1m[35m (0.2ms)[0m  [1m[34mSELECT COUNT(*) FROM "products" INNER JOIN "cart_items" ON "products"."id" = "cart_items"."product_id" WHERE "cart_items"."cart_id" = ?[0m  [["cart_id", 2]]
  Rendered common/_navbar.html.erb (5.2ms)
  Rendered common/_flashes.html.erb (1.0ms)
  Rendered common/_footer.html.erb (0.6ms)
Completed 200 OK in 81ms (Views: 78.5ms | ActiveRecord: 0.6ms)


Started GET "/carts" for ::1 at 2019-11-10 09:42:37 +0800
  [1m[36mActiveRecord::SchemaMigration Load (0.2ms)[0m  [1m[34mSELECT "schema_migrations".* FROM "schema_migrations"[0m
Processing by CartsController#index as HTML
  Rendering carts/index.html.erb within layouts/application
  [1m[36mCart Load (0.2ms)[0m  [1m[34mSELECT  "carts".* FROM "carts" WHERE "carts"."id" = ? LIMIT ?[0m  [["id", 2], ["LIMIT", 1]]
  [1m[36mCartItem Load (0.1ms)[0m  [1m[34mSELECT "cart_items".* FROM "cart_items" WHERE "cart_items"."cart_id" = ?[0m  [["cart_id", 2]]
  [1m[36mProduct Load (0.2ms)[0m  [1m[34mSELECT  "products".* FROM "products" WHERE "products"."id" = ? LIMIT ?[0m  [["id", 1], ["LIMIT", 1]]
  Rendered carts/index.html.erb within layouts/application (78.9ms)
  [1m[35m (0.2ms)[0m  [1m[34mSELECT COUNT(*) FROM "products" INNER JOIN "cart_items" ON "products"."id" = "cart_items"."product_id" WHERE "cart_items"."cart_id" = ?[0m  [["cart_id", 2]]
  Rendered common/_navbar.html.erb (29.9ms)
  Rendered common/_flashes.html.erb (1.2ms)
  Rendered common/_footer.html.erb (0.7ms)
Completed 200 OK in 3403ms (Views: 3388.9ms | ActiveRecord: 2.4ms)


Started DELETE "/carts/clean" for ::1 at 2019-11-10 09:42:51 +0800
Processing by CartsController#clean as HTML
  Parameters: {"authenticity_token"=>"9JHg02rN5d0cIKJl2C3nISL8EYgK2kBK3lf2t8mYYDTqGPEoRMXcnPCS6aGvjn7yFZ0dW1R+16ZMhqkeIp7Qbg=="}
  [1m[36mCart Load (0.3ms)[0m  [1m[34mSELECT  "carts".* FROM "carts" WHERE "carts"."id" = ? LIMIT ?[0m  [["id", 2], ["LIMIT", 1]]
  [1m[36mCartItem Load (0.2ms)[0m  [1m[34mSELECT "cart_items".* FROM "cart_items" WHERE "cart_items"."cart_id" = ?[0m  [["cart_id", 2]]
  [1m[35m (0.1ms)[0m  [1m[36mbegin transaction[0m
  [1m[35mSQL (0.4ms)[0m  [1m[31mDELETE FROM "cart_items" WHERE "cart_items"."id" = ?[0m  [["id", 1]]
  [1m[35m (2.2ms)[0m  [1m[36mcommit transaction[0m
Redirected to http://localhost:3000/carts
Completed 302 Found in 8ms (ActiveRecord: 3.1ms)


Started GET "/carts" for ::1 at 2019-11-10 09:42:51 +0800
Processing by CartsController#index as HTML
  Rendering carts/index.html.erb within layouts/application
  [1m[36mCart Load (0.7ms)[0m  [1m[34mSELECT  "carts".* FROM "carts" WHERE "carts"."id" = ? LIMIT ?[0m  [["id", 2], ["LIMIT", 1]]
  [1m[36mCartItem Load (0.2ms)[0m  [1m[34mSELECT "cart_items".* FROM "cart_items" WHERE "cart_items"."cart_id" = ?[0m  [["cart_id", 2]]
  Rendered carts/index.html.erb within layouts/application (8.2ms)
  [1m[35m (0.2ms)[0m  [1m[34mSELECT COUNT(*) FROM "products" INNER JOIN "cart_items" ON "products"."id" = "cart_items"."product_id" WHERE "cart_items"."cart_id" = ?[0m  [["cart_id", 2]]
  Rendered common/_navbar.html.erb (7.0ms)
  Rendered common/_flashes.html.erb (0.9ms)
  Rendered common/_footer.html.erb (0.3ms)
Completed 200 OK in 138ms (Views: 133.0ms | ActiveRecord: 1.2ms)


Started GET "/products" for ::1 at 2019-11-10 09:42:59 +0800
Processing by ProductsController#index as HTML
  Rendering products/index.html.erb within layouts/application
  [1m[36mProduct Load (0.2ms)[0m  [1m[34mSELECT "products".* FROM "products"[0m
  Rendered products/index.html.erb within layouts/application (3.0ms)
  [1m[36mCart Load (0.2ms)[0m  [1m[34mSELECT  "carts".* FROM "carts" WHERE "carts"."id" = ? LIMIT ?[0m  [["id", 2], ["LIMIT", 1]]
  [1m[35m (0.2ms)[0m  [1m[34mSELECT COUNT(*) FROM "products" INNER JOIN "cart_items" ON "products"."id" = "cart_items"."product_id" WHERE "cart_items"."cart_id" = ?[0m  [["cart_id", 2]]
  Rendered common/_navbar.html.erb (6.4ms)
  Rendered common/_flashes.html.erb (9.8ms)
  Rendered common/_footer.html.erb (0.8ms)
Completed 200 OK in 106ms (Views: 103.7ms | ActiveRecord: 0.6ms)


